<?xml version="1.0" encoding="UTF-8"?>
<!-- Generated by org.testng.reporters.JUnitReportReporter -->
<testsuite skipped="0" hostname="DESKTOP-IK4EE2E" name="DataProvider.Testing" tests="1" failures="0" timestamp="30 Jan 2020 07:04:01 GMT" time="7.846" errors="0">
  <testcase name="Sample" time="7.846" classname="DataProvider.Testing"/>
</testsuite> <!-- DataProvider.Testing -->
